{
  "RSpec": {
    "coverage": {
      "/Users/abdulredd/Desktop/Turing/1mod/my_stuff/ics/museum_2211/lib/exhibit.rb": {
        "lines": [
          1,
          1,
          null,
          null,
          1,
          57,
          57,
          null,
          null
        ]
      },
      "/Users/abdulredd/Desktop/Turing/1mod/my_stuff/ics/museum_2211/lib/patron.rb": {
        "lines": [
          1,
          1,
          null,
          null,
          null,
          1,
          null,
          1,
          58,
          58,
          58,
          null,
          null,
          1,
          95,
          null,
          null
        ]
      },
      "/Users/abdulredd/Desktop/Turing/1mod/my_stuff/ics/museum_2211/lib/museum.rb": {
        "lines": [
          1,
          1,
          null,
          null,
          null,
          null,
          null,
          1,
          17,
          17,
          17,
          17,
          36,
          null,
          null,
          1,
          35,
          null,
          null,
          null,
          1,
          27,
          90,
          null,
          null,
          null,
          1,
          25,
          null,
          25,
          null,
          null,
          null,
          null,
          null,
          null,
          null,
          null,
          null,
          null,
          null,
          25,
          null,
          null,
          54,
          null,
          null,
          30,
          30,
          30,
          null,
          null,
          null,
          null,
          null,
          1,
          1,
          3,
          3,
          null,
          null,
          null,
          null,
          null,
          null,
          null,
          null,
          null,
          null,
          null,
          1,
          5,
          12,
          null,
          null,
          null,
          1,
          2,
          2,
          4,
          null,
          null,
          null,
          1,
          1,
          1,
          1,
          1,
          null,
          null,
          1,
          1,
          1,
          null,
          1,
          null,
          null,
          null,
          null,
          null,
          null,
          null,
          null,
          null,
          null,
          null,
          null,
          null,
          null,
          null,
          null,
          null,
          null,
          null,
          null,
          null,
          null,
          null,
          null,
          null,
          null,
          null,
          null,
          null,
          null,
          null,
          null,
          null,
          null,
          null,
          null,
          null,
          null
        ]
      }
    },
    "timestamp": 1672717783
  }
}
